# JRE version: OpenJDK Runtime Environment Zulu15.44+13-CA (15.0.9+5) (build 15.0.9+5-MTS)
# Java VM: OpenJDK 64-Bit Server VM Zulu15.44+13-CA (15.0.9+5-MTS, mixed mode, tiered, compressed oops, g1 gc, bsd-aarch64)
GC Precious Log:
 CPUs: 10 total, 10 available
 Memory: 32768M
 Large Page Support: Disabled
 NUMA Support: Disabled
 Compressed Oops: Enabled (Zero based)
 Heap Region Size: 1M
 Heap Min Capacity: 8M
 Heap Initial Capacity: 512M
 Heap Max Capacity: 512M
 Pre-touch: Disabled
 Parallel Workers: 9
 Concurrent Workers: 2
 Concurrent Refinement Workers: 9
 Periodic GC: Disabled
Heap:
 garbage-first heap   total 37888K, used 16121K [0x00000007a0000000, 0x00000007c0000000)
  region size 1024K, 3 young (3072K), 2 survivors (2048K)
 Metaspace       used 38318K, capacity 38872K, committed 38912K, reserved 1083392K
  class space    used 4655K, capacity 4839K, committed 4864K, reserved 1048576K
GC Heap History (20 events):
Event: 0.564 GC heap before
{Heap before GC invocations=0 (full 0):
 garbage-first heap   total 524288K, used 24576K [0x00000007a0000000, 0x00000007c0000000)
  region size 1024K, 25 young (25600K), 0 survivors (0K)
 Metaspace       used 14054K, capacity 14414K, committed 14720K, reserved 1062912K
  class space    used 1499K, capacity 1594K, committed 1664K, reserved 1048576K
}
Event: 0.568 GC heap after
{Heap after GC invocations=1 (full 0):
 garbage-first heap   total 524288K, used 7944K [0x00000007a0000000, 0x00000007c0000000)
  region size 1024K, 4 young (4096K), 4 survivors (4096K)
 Metaspace       used 14054K, capacity 14414K, committed 14720K, reserved 1062912K
  class space    used 1499K, capacity 1594K, committed 1664K, reserved 1048576K
}
Event: 0.789 GC heap before
{Heap before GC invocations=1 (full 0):
 garbage-first heap   total 524288K, used 33544K [0x00000007a0000000, 0x00000007c0000000)
  region size 1024K, 29 young (29696K), 4 survivors (4096K)
 Metaspace       used 20113K, capacity 20555K, committed 20608K, reserved 1067008K
  class space    used 2271K, capacity 2396K, committed 2432K, reserved 1048576K
}
Event: 0.791 GC heap after
{Heap after GC invocations=2 (full 0):
 garbage-first heap   total 524288K, used 9853K [0x00000007a0000000, 0x00000007c0000000)
  region size 1024K, 2 young (2048K), 2 survivors (2048K)
 Metaspace       used 20113K, capacity 20555K, committed 20608K, reserved 1067008K
  class space    used 2271K, capacity 2396K, committed 2432K, reserved 1048576K
}
Event: 0.805 GC heap before
{Heap before GC invocations=2 (full 0):
 garbage-first heap   total 524288K, used 10877K [0x00000007a0000000, 0x00000007c0000000)
  region size 1024K, 4 young (4096K), 2 survivors (2048K)
 Metaspace       used 20725K, capacity 21131K, committed 21248K, reserved 1069056K
  class space    used 2338K, capacity 2460K, committed 2560K, reserved 1048576K
}
Event: 0.807 GC heap after
{Heap after GC invocations=3 (full 0):
 garbage-first heap   total 524288K, used 9913K [0x00000007a0000000, 0x00000007c0000000)
  region size 1024K, 2 young (2048K), 2 survivors (2048K)
 Metaspace       used 20725K, capacity 21131K, committed 21248K, reserved 1069056K
  class space    used 2338K, capacity 2460K, committed 2560K, reserved 1048576K
}
Event: 5.983 GC heap before
{Heap before GC invocations=4 (full 0):
 garbage-first heap   total 37888K, used 29369K [0x00000007a0000000, 0x00000007c0000000)
  region size 1024K, 22 young (22528K), 2 survivors (2048K)
 Metaspace       used 25021K, capacity 25481K, committed 25728K, reserved 1071104K
  class space    used 2964K, capacity 3119K, committed 3200K, reserved 1048576K
}
Event: 5.985 GC heap after
{Heap after GC invocations=5 (full 0):
 garbage-first heap   total 37888K, used 11602K [0x00000007a0000000, 0x00000007c0000000)
  region size 1024K, 2 young (2048K), 2 survivors (2048K)
 Metaspace       used 25021K, capacity 25481K, committed 25728K, reserved 1071104K
  class space    used 2964K, capacity 3119K, committed 3200K, reserved 1048576K
}
Event: 6.038 GC heap before
{Heap before GC invocations=5 (full 0):
 garbage-first heap   total 37888K, used 25938K [0x00000007a0000000, 0x00000007c0000000)
  region size 1024K, 17 young (17408K), 2 survivors (2048K)
 Metaspace       used 28158K, capacity 28655K, committed 28672K, reserved 1075200K
  class space    used 3404K, capacity 3577K, committed 3584K, reserved 1048576K
}
Event: 6.040 GC heap after
{Heap after GC invocations=6 (full 0):
 garbage-first heap   total 37888K, used 12131K [0x00000007a0000000, 0x00000007c0000000)
  region size 1024K, 2 young (2048K), 2 survivors (2048K)
 Metaspace       used 28158K, capacity 28655K, committed 28672K, reserved 1075200K
  class space    used 3404K, capacity 3577K, committed 3584K, reserved 1048576K
}
Event: 6.086 GC heap before
{Heap before GC invocations=6 (full 0):
 garbage-first heap   total 37888K, used 25443K [0x00000007a0000000, 0x00000007c0000000)
  region size 1024K, 16 young (16384K), 2 survivors (2048K)
 Metaspace       used 30599K, capacity 31093K, committed 31360K, reserved 1077248K
  class space    used 3728K, capacity 3899K, committed 3968K, reserved 1048576K
}
Event: 6.089 GC heap after
{Heap after GC invocations=7 (full 0):
 garbage-first heap   total 37888K, used 13371K [0x00000007a0000000, 0x00000007c0000000)
  region size 1024K, 2 young (2048K), 2 survivors (2048K)
 Metaspace       used 30599K, capacity 31093K, committed 31360K, reserved 1077248K
  class space    used 3728K, capacity 3899K, committed 3968K, reserved 1048576K
}
Event: 6.142 GC heap before
{Heap before GC invocations=7 (full 0):
 garbage-first heap   total 37888K, used 26683K [0x00000007a0000000, 0x00000007c0000000)
  region size 1024K, 16 young (16384K), 2 survivors (2048K)
 Metaspace       used 33863K, capacity 34396K, committed 34560K, reserved 1079296K
  class space    used 4070K, capacity 4230K, committed 4352K, reserved 1048576K
}
Event: 6.145 GC heap after
{Heap after GC invocations=8 (full 0):
 garbage-first heap   total 37888K, used 14404K [0x00000007a0000000, 0x00000007c0000000)
  region size 1024K, 2 young (2048K), 2 survivors (2048K)
 Metaspace       used 33863K, capacity 34396K, committed 34560K, reserved 1079296K
  class space    used 4070K, capacity 4230K, committed 4352K, reserved 1048576K
}
Event: 6.173 GC heap before
{Heap before GC invocations=8 (full 0):
 garbage-first heap   total 37888K, used 21572K [0x00000007a0000000, 0x00000007c0000000)
  region size 1024K, 10 young (10240K), 2 survivors (2048K)
 Metaspace       used 35275K, capacity 35743K, committed 35840K, reserved 1081344K
  class space    used 4255K, capacity 4424K, committed 4480K, reserved 1048576K
}
Event: 6.174 GC heap after
{Heap after GC invocations=9 (full 0):
 garbage-first heap   total 37888K, used 14843K [0x00000007a0000000, 0x00000007c0000000)
  region size 1024K, 2 young (2048K), 2 survivors (2048K)
 Metaspace       used 35275K, capacity 35743K, committed 35840K, reserved 1081344K
  class space    used 4255K, capacity 4424K, committed 4480K, reserved 1048576K
}
Event: 6.231 GC heap before
{Heap before GC invocations=10 (full 0):
 garbage-first heap   total 37888K, used 28155K [0x00000007a0000000, 0x00000007c0000000)
  region size 1024K, 15 young (15360K), 2 survivors (2048K)
 Metaspace       used 36645K, capacity 37175K, committed 37376K, reserved 1081344K
  class space    used 4457K, capacity 4623K, committed 4736K, reserved 1048576K
}
Event: 6.232 GC heap after
{Heap after GC invocations=11 (full 0):
 garbage-first heap   total 37888K, used 15637K [0x00000007a0000000, 0x00000007c0000000)
  region size 1024K, 2 young (2048K), 2 survivors (2048K)
 Metaspace       used 36645K, capacity 37175K, committed 37376K, reserved 1081344K
  class space    used 4457K, capacity 4623K, committed 4736K, reserved 1048576K
}
Event: 6.340 GC heap before
{Heap before GC invocations=11 (full 0):
 garbage-first heap   total 37888K, used 28949K [0x00000007a0000000, 0x00000007c0000000)
  region size 1024K, 15 young (15360K), 2 survivors (2048K)
 Metaspace       used 38310K, capacity 38872K, committed 38912K, reserved 1083392K
  class space    used 4653K, capacity 4839K, committed 4864K, reserved 1048576K
}
Event: 6.342 GC heap after
{Heap after GC invocations=12 (full 0):
 garbage-first heap   total 37888K, used 16121K [0x00000007a0000000, 0x00000007c0000000)
  region size 1024K, 2 young (2048K), 2 survivors (2048K)
 Metaspace       used 38310K, capacity 38872K, committed 38912K, reserved 1083392K
  class space    used 4653K, capacity 4839K, committed 4864K, reserved 1048576K
}

